
sambamba 1.0.1
 by Artem Tarasov and Pjotr Prins (C) 2012-2023
    LDC 1.32.0 / DMD v2.102.2 / LLVM14.0.6 / bootstrap LDC - the LLVM D compiler (1.32.0)


sambamba 1.0.1
 by Artem Tarasov and Pjotr Prins (C) 2012-2023
    LDC 1.32.0 / DMD v2.102.2 / LLVM14.0.6 / bootstrap LDC - the LLVM D compiler (1.32.0)


sambamba 1.0.1
 by Artem Tarasov and Pjotr Prins (C) 2012-2023
    LDC 1.32.0 / DMD v2.102.2 / LLVM14.0.6 / bootstrap LDC - the LLVM D compiler (1.32.0)


sambamba 1.0.1
 by Artem Tarasov and Pjotr Prins (C) 2012-2023
    LDC 1.32.0 / DMD v2.102.2 / LLVM14.0.6 / bootstrap LDC - the LLVM D compiler (1.32.0)


sambamba 1.0.1
 by Artem Tarasov and Pjotr Prins (C) 2012-2023
    LDC 1.32.0 / DMD v2.102.2 / LLVM14.0.6 / bootstrap LDC - the LLVM D compiler (1.32.0)


sambamba 1.0.1
 by Artem Tarasov and Pjotr Prins (C) 2012-2023
    LDC 1.32.0 / DMD v2.102.2 / LLVM14.0.6 / bootstrap LDC - the LLVM D compiler (1.32.0)


sambamba 1.0.1
 by Artem Tarasov and Pjotr Prins (C) 2012-2023
    LDC 1.32.0 / DMD v2.102.2 / LLVM14.0.6 / bootstrap LDC - the LLVM D compiler (1.32.0)


sambamba 1.0.1
 by Artem Tarasov and Pjotr Prins (C) 2012-2023
    LDC 1.32.0 / DMD v2.102.2 / LLVM14.0.6 / bootstrap LDC - the LLVM D compiler (1.32.0)


sambamba 1.0.1
 by Artem Tarasov and Pjotr Prins (C) 2012-2023
    LDC 1.32.0 / DMD v2.102.2 / LLVM14.0.6 / bootstrap LDC - the LLVM D compiler (1.32.0)


sambamba 1.0.1
 by Artem Tarasov and Pjotr Prins (C) 2012-2023
    LDC 1.32.0 / DMD v2.102.2 / LLVM14.0.6 / bootstrap LDC - the LLVM D compiler (1.32.0)


sambamba 1.0.1
 by Artem Tarasov and Pjotr Prins (C) 2012-2023
    LDC 1.32.0 / DMD v2.102.2 / LLVM14.0.6 / bootstrap LDC - the LLVM D compiler (1.32.0)


sambamba 1.0.1
 by Artem Tarasov and Pjotr Prins (C) 2012-2023
    LDC 1.32.0 / DMD v2.102.2 / LLVM14.0.6 / bootstrap LDC - the LLVM D compiler (1.32.0)


sambamba 1.0.1
 by Artem Tarasov and Pjotr Prins (C) 2012-2023
    LDC 1.32.0 / DMD v2.102.2 / LLVM14.0.6 / bootstrap LDC - the LLVM D compiler (1.32.0)


sambamba 1.0.1
 by Artem Tarasov and Pjotr Prins (C) 2012-2023
    LDC 1.32.0 / DMD v2.102.2 / LLVM14.0.6 / bootstrap LDC - the LLVM D compiler (1.32.0)


sambamba 1.0.1
 by Artem Tarasov and Pjotr Prins (C) 2012-2023
    LDC 1.32.0 / DMD v2.102.2 / LLVM14.0.6 / bootstrap LDC - the LLVM D compiler (1.32.0)


sambamba 1.0.1
 by Artem Tarasov and Pjotr Prins (C) 2012-2023
    LDC 1.32.0 / DMD v2.102.2 / LLVM14.0.6 / bootstrap LDC - the LLVM D compiler (1.32.0)


sambamba 1.0.1
 by Artem Tarasov and Pjotr Prins (C) 2012-2023
    LDC 1.32.0 / DMD v2.102.2 / LLVM14.0.6 / bootstrap LDC - the LLVM D compiler (1.32.0)

finding positions of the duplicate reads in the file...
  sorted 1516311 end pairs
     and 65501 single ends (among them 0 unmatched pairs)
  collecting indices of duplicate reads...   done in 202 ms
  found 962052 duplicates
collected list of positions in 0 min 3 sec
removing duplicates...
collected list of positions in 0 min 8 sec

sambamba 1.0.1
 by Artem Tarasov and Pjotr Prins (C) 2012-2023
    LDC 1.32.0 / DMD v2.102.2 / LLVM14.0.6 / bootstrap LDC - the LLVM D compiler (1.32.0)

finding positions of the duplicate reads in the file...
  sorted 2187539 end pairs
     and 98746 single ends (among them 0 unmatched pairs)
  collecting indices of duplicate reads...   done in 293 ms
  found 1613666 duplicates
collected list of positions in 0 min 5 sec
removing duplicates...
collected list of positions in 0 min 11 sec

sambamba 1.0.1
 by Artem Tarasov and Pjotr Prins (C) 2012-2023
    LDC 1.32.0 / DMD v2.102.2 / LLVM14.0.6 / bootstrap LDC - the LLVM D compiler (1.32.0)

finding positions of the duplicate reads in the file...
  sorted 2212653 end pairs
     and 89945 single ends (among them 0 unmatched pairs)
  collecting indices of duplicate reads...   done in 301 ms
  found 1690342 duplicates
collected list of positions in 0 min 5 sec
removing duplicates...
collected list of positions in 0 min 10 sec

sambamba 1.0.1
 by Artem Tarasov and Pjotr Prins (C) 2012-2023
    LDC 1.32.0 / DMD v2.102.2 / LLVM14.0.6 / bootstrap LDC - the LLVM D compiler (1.32.0)

finding positions of the duplicate reads in the file...
  sorted 2069991 end pairs
     and 106652 single ends (among them 0 unmatched pairs)
  collecting indices of duplicate reads...   done in 284 ms
  found 1365622 duplicates
collected list of positions in 0 min 5 sec
removing duplicates...
collected list of positions in 0 min 11 sec

sambamba 1.0.1
 by Artem Tarasov and Pjotr Prins (C) 2012-2023
    LDC 1.32.0 / DMD v2.102.2 / LLVM14.0.6 / bootstrap LDC - the LLVM D compiler (1.32.0)

finding positions of the duplicate reads in the file...
  sorted 1463889 end pairs
     and 73114 single ends (among them 0 unmatched pairs)
  collecting indices of duplicate reads...   done in 195 ms
  found 837542 duplicates
collected list of positions in 0 min 3 sec
removing duplicates...
collected list of positions in 0 min 9 sec

sambamba 1.0.1
 by Artem Tarasov and Pjotr Prins (C) 2012-2023
    LDC 1.32.0 / DMD v2.102.2 / LLVM14.0.6 / bootstrap LDC - the LLVM D compiler (1.32.0)

finding positions of the duplicate reads in the file...
  sorted 1998419 end pairs
     and 88119 single ends (among them 0 unmatched pairs)
  collecting indices of duplicate reads...   done in 270 ms
  found 1240961 duplicates
collected list of positions in 0 min 4 sec
removing duplicates...
collected list of positions in 0 min 10 sec

sambamba 1.0.1
 by Artem Tarasov and Pjotr Prins (C) 2012-2023
    LDC 1.32.0 / DMD v2.102.2 / LLVM14.0.6 / bootstrap LDC - the LLVM D compiler (1.32.0)

finding positions of the duplicate reads in the file...
  sorted 1492111 end pairs
     and 68301 single ends (among them 0 unmatched pairs)
  collecting indices of duplicate reads...   done in 198 ms
  found 907751 duplicates
collected list of positions in 0 min 3 sec
removing duplicates...
